[PID=36933][Sun Apr  7 14:57:48 2019] Error : -458753(eBADBTREEPAGE_BTM) in EduBtM_Test.c:855
[PID=2867][Tue Apr  9 06:38:12 2019] Error : -262147(eBADHASHKEY_BFM) in BfM_GetTrain.c:160
[PID=2867][Tue Apr  9 06:38:12 2019] Error : -262147(eBADHASHKEY_BFM) in edubtm_Split.c:374
[PID=2867][Tue Apr  9 06:38:12 2019] Error : -262147(eBADHASHKEY_BFM) in edubtm_Insert.c:261
[PID=2867][Tue Apr  9 06:38:12 2019] Error : -262147(eBADHASHKEY_BFM) in edubtm_Insert.c:148
[PID=2867][Tue Apr  9 06:38:12 2019] Error : -262147(eBADHASHKEY_BFM) in EduBtM_InsertObject.c:101
[PID=2867][Tue Apr  9 06:38:12 2019] Error : -262147(eBADHASHKEY_BFM) in EduBtM_Test.c:173
[PID=2867][Tue Apr  9 06:38:12 2019] Error : -589829(eNOLOGGEDTRANSACTION_RM) in RM_Transaction.c:311
[PID=2867][Tue Apr  9 06:38:12 2019] Error : -589829(eNOLOGGEDTRANSACTION_RM) in SM_Transaction.c:258
[PID=2867][Tue Apr  9 06:38:12 2019] Error : -589829(eNOLOGGEDTRANSACTION_RM) in SM_ThinLayer.c:761
[PID=2867][Tue Apr  9 06:38:12 2019] Error : -589829(eNOLOGGEDTRANSACTION_RM) in LRDS_Transaction.c:133
[PID=2880][Tue Apr  9 06:38:29 2019] Error : -262147(eBADHASHKEY_BFM) in BfM_GetTrain.c:160
[PID=2880][Tue Apr  9 06:38:29 2019] Error : -262147(eBADHASHKEY_BFM) in edubtm_Split.c:374
[PID=2880][Tue Apr  9 06:38:29 2019] Error : -262147(eBADHASHKEY_BFM) in edubtm_Insert.c:261
[PID=2880][Tue Apr  9 06:38:29 2019] Error : -262147(eBADHASHKEY_BFM) in edubtm_Insert.c:148
[PID=2880][Tue Apr  9 06:38:29 2019] Error : -262147(eBADHASHKEY_BFM) in EduBtM_InsertObject.c:101
[PID=2880][Tue Apr  9 06:38:29 2019] Error : -262147(eBADHASHKEY_BFM) in EduBtM_Test.c:173
[PID=2880][Tue Apr  9 06:38:29 2019] Error : -589829(eNOLOGGEDTRANSACTION_RM) in RM_Transaction.c:311
[PID=2880][Tue Apr  9 06:38:29 2019] Error : -589829(eNOLOGGEDTRANSACTION_RM) in SM_Transaction.c:258
[PID=2880][Tue Apr  9 06:38:29 2019] Error : -589829(eNOLOGGEDTRANSACTION_RM) in SM_ThinLayer.c:761
[PID=2880][Tue Apr  9 06:38:29 2019] Error : -589829(eNOLOGGEDTRANSACTION_RM) in LRDS_Transaction.c:133
[PID=3215][Tue Apr  9 07:07:13 2019] Error : -262150(eNOTFOUND_BFM) in BfM_SetDirty.c:88
[PID=3215][Tue Apr  9 07:07:13 2019] Error : -262150(eNOTFOUND_BFM) in edubtm_Split.c:402
[PID=3215][Tue Apr  9 07:07:13 2019] Error : -262150(eNOTFOUND_BFM) in BfM_FreeTrain.c:80
[PID=3215][Tue Apr  9 07:07:13 2019] Error : -262150(eNOTFOUND_BFM) in edubtm_Insert.c:261
[PID=3215][Tue Apr  9 07:07:13 2019] Error : -262150(eNOTFOUND_BFM) in edubtm_Insert.c:148
[PID=3215][Tue Apr  9 07:07:13 2019] Error : -262150(eNOTFOUND_BFM) in EduBtM_InsertObject.c:101
[PID=3215][Tue Apr  9 07:07:13 2019] Error : -262150(eNOTFOUND_BFM) in EduBtM_Test.c:173
[PID=3215][Tue Apr  9 07:07:13 2019] Error : -589829(eNOLOGGEDTRANSACTION_RM) in RM_Transaction.c:311
[PID=3215][Tue Apr  9 07:07:13 2019] Error : -589829(eNOLOGGEDTRANSACTION_RM) in SM_Transaction.c:258
[PID=3215][Tue Apr  9 07:07:13 2019] Error : -589829(eNOLOGGEDTRANSACTION_RM) in SM_ThinLayer.c:761
[PID=3215][Tue Apr  9 07:07:13 2019] Error : -589829(eNOLOGGEDTRANSACTION_RM) in LRDS_Transaction.c:133
[PID=3438][Tue Apr  9 07:20:11 2019] Error : -458753(eBADBTREEPAGE_BTM) in EduBtM_Test.c:855
[PID=13477][Wed Apr 10 04:14:00 2019] Error : -196608(eVOLNOTMOUNTED_RDSM) in RDsM_ReadTrain.c:90
[PID=13477][Wed Apr 10 04:14:00 2019] Error : -196608(eVOLNOTMOUNTED_RDSM) in bfm_ReadTrain.c:90
[PID=13477][Wed Apr 10 04:14:00 2019] Error : -196608(eVOLNOTMOUNTED_RDSM) in BfM_GetTrain.c:113
[PID=13477][Wed Apr 10 04:14:00 2019] Error : -196608(eVOLNOTMOUNTED_RDSM) in edubtm_FreePages.c:85
[PID=13477][Wed Apr 10 04:14:00 2019] Error : -196608(eVOLNOTMOUNTED_RDSM) in edubtm_FreePages.c:97
[PID=13477][Wed Apr 10 04:14:00 2019] Error : -196608(eVOLNOTMOUNTED_RDSM) in EduBtM_DropIndex.c:68
[PID=13477][Wed Apr 10 04:14:00 2019] Error : -196608(eVOLNOTMOUNTED_RDSM) in EduBtM_Test.c:441
[PID=13477][Wed Apr 10 04:14:00 2019] Error : -589829(eNOLOGGEDTRANSACTION_RM) in RM_Transaction.c:311
[PID=13477][Wed Apr 10 04:14:00 2019] Error : -589829(eNOLOGGEDTRANSACTION_RM) in SM_Transaction.c:258
[PID=13477][Wed Apr 10 04:14:00 2019] Error : -589829(eNOLOGGEDTRANSACTION_RM) in SM_ThinLayer.c:761
[PID=13477][Wed Apr 10 04:14:00 2019] Error : -589829(eNOLOGGEDTRANSACTION_RM) in LRDS_Transaction.c:133
[PID=13678][Wed Apr 10 04:23:46 2019] Error : -196608(eVOLNOTMOUNTED_RDSM) in RDsM_ReadTrain.c:90
[PID=13678][Wed Apr 10 04:23:46 2019] Error : -196608(eVOLNOTMOUNTED_RDSM) in bfm_ReadTrain.c:90
[PID=13678][Wed Apr 10 04:23:46 2019] Error : -196608(eVOLNOTMOUNTED_RDSM) in BfM_GetTrain.c:113
[PID=13678][Wed Apr 10 04:23:46 2019] Error : -196608(eVOLNOTMOUNTED_RDSM) in edubtm_FreePages.c:85
[PID=13678][Wed Apr 10 04:23:46 2019] Error : -196608(eVOLNOTMOUNTED_RDSM) in edubtm_FreePages.c:97
[PID=13678][Wed Apr 10 04:23:46 2019] Error : -196608(eVOLNOTMOUNTED_RDSM) in EduBtM_DropIndex.c:68
[PID=13678][Wed Apr 10 04:23:46 2019] Error : -196608(eVOLNOTMOUNTED_RDSM) in EduBtM_Test.c:441
[PID=13678][Wed Apr 10 04:23:46 2019] Error : -589829(eNOLOGGEDTRANSACTION_RM) in RM_Transaction.c:311
[PID=13678][Wed Apr 10 04:23:46 2019] Error : -589829(eNOLOGGEDTRANSACTION_RM) in SM_Transaction.c:258
[PID=13678][Wed Apr 10 04:23:46 2019] Error : -589829(eNOLOGGEDTRANSACTION_RM) in SM_ThinLayer.c:761
[PID=13678][Wed Apr 10 04:23:46 2019] Error : -589829(eNOLOGGEDTRANSACTION_RM) in LRDS_Transaction.c:133
[PID=16452][Wed Apr 10 13:51:09 2019] Error : -196608(eVOLNOTMOUNTED_RDSM) in RDsM_WriteTrain.c:90
[PID=16452][Wed Apr 10 13:51:09 2019] Error : -196608(eVOLNOTMOUNTED_RDSM) in bfm_FlushTrain.c:110
[PID=16452][Wed Apr 10 13:51:09 2019] Error : -196608(eVOLNOTMOUNTED_RDSM) in BfM_FlushAll.c:126
[PID=16452][Wed Apr 10 13:51:09 2019] Error : -196608(eVOLNOTMOUNTED_RDSM) in SM_Transaction.c:482
[PID=16452][Wed Apr 10 13:51:09 2019] Error : -196608(eVOLNOTMOUNTED_RDSM) in SM_Transaction.c:135
[PID=16452][Wed Apr 10 13:51:09 2019] Error : -196608(eVOLNOTMOUNTED_RDSM) in SM_ThinLayer.c:733
[PID=16452][Wed Apr 10 13:51:09 2019] Error : -196608(eVOLNOTMOUNTED_RDSM) in LRDS_Transaction.c:98
[PID=16452][Wed Apr 10 13:51:09 2019] Error : -524305(eEXISTACTIVETRANSACTION_SM) in SM_Dismount.c:82
[PID=16452][Wed Apr 10 13:51:09 2019] Error : -524305(eEXISTACTIVETRANSACTION_SM) in LRDS_Dismount.c:246
[PID=16452][Wed Apr 10 13:51:09 2019] Error : -524305(eEXISTACTIVETRANSACTION_SM) in LRDS_Dismount.c:143
[PID=16452][Wed Apr 10 13:51:09 2019] Error : -524305(eEXISTACTIVETRANSACTION_SM) in SM_Final.c:70
[PID=16452][Wed Apr 10 13:51:09 2019] Error : -524305(eEXISTACTIVETRANSACTION_SM) in SM_ThinLayer.c:321
[PID=16452][Wed Apr 10 13:51:09 2019] Error : -524305(eEXISTACTIVETRANSACTION_SM) in LRDS_InitFinal.c:119
[PID=16705][Wed Apr 10 13:54:51 2019] Error : -196608(eVOLNOTMOUNTED_RDSM) in RDsM_WriteTrain.c:90
[PID=16705][Wed Apr 10 13:54:51 2019] Error : -196608(eVOLNOTMOUNTED_RDSM) in bfm_FlushTrain.c:110
[PID=16705][Wed Apr 10 13:54:51 2019] Error : -196608(eVOLNOTMOUNTED_RDSM) in BfM_FlushAll.c:126
[PID=16705][Wed Apr 10 13:54:51 2019] Error : -196608(eVOLNOTMOUNTED_RDSM) in SM_Transaction.c:482
[PID=16705][Wed Apr 10 13:54:51 2019] Error : -196608(eVOLNOTMOUNTED_RDSM) in SM_Transaction.c:135
[PID=16705][Wed Apr 10 13:54:51 2019] Error : -196608(eVOLNOTMOUNTED_RDSM) in SM_ThinLayer.c:733
[PID=16705][Wed Apr 10 13:54:51 2019] Error : -196608(eVOLNOTMOUNTED_RDSM) in LRDS_Transaction.c:98
[PID=16705][Wed Apr 10 13:54:51 2019] Error : -524305(eEXISTACTIVETRANSACTION_SM) in SM_Dismount.c:82
[PID=16705][Wed Apr 10 13:54:51 2019] Error : -524305(eEXISTACTIVETRANSACTION_SM) in LRDS_Dismount.c:246
[PID=16705][Wed Apr 10 13:54:51 2019] Error : -524305(eEXISTACTIVETRANSACTION_SM) in LRDS_Dismount.c:143
[PID=16705][Wed Apr 10 13:54:51 2019] Error : -524305(eEXISTACTIVETRANSACTION_SM) in SM_Final.c:70
[PID=16705][Wed Apr 10 13:54:51 2019] Error : -524305(eEXISTACTIVETRANSACTION_SM) in SM_ThinLayer.c:321
[PID=16705][Wed Apr 10 13:54:51 2019] Error : -524305(eEXISTACTIVETRANSACTION_SM) in LRDS_InitFinal.c:119
[PID=16791][Wed Apr 10 14:15:47 2019] Error : -196608(eVOLNOTMOUNTED_RDSM) in RDsM_WriteTrain.c:90
[PID=16791][Wed Apr 10 14:15:47 2019] Error : -196608(eVOLNOTMOUNTED_RDSM) in bfm_FlushTrain.c:110
[PID=16791][Wed Apr 10 14:15:47 2019] Error : -196608(eVOLNOTMOUNTED_RDSM) in BfM_FlushAll.c:126
[PID=16791][Wed Apr 10 14:15:47 2019] Error : -196608(eVOLNOTMOUNTED_RDSM) in SM_Transaction.c:482
[PID=16791][Wed Apr 10 14:15:47 2019] Error : -196608(eVOLNOTMOUNTED_RDSM) in SM_Transaction.c:135
[PID=16791][Wed Apr 10 14:15:47 2019] Error : -196608(eVOLNOTMOUNTED_RDSM) in SM_ThinLayer.c:733
[PID=16791][Wed Apr 10 14:15:47 2019] Error : -196608(eVOLNOTMOUNTED_RDSM) in LRDS_Transaction.c:98
[PID=16791][Wed Apr 10 14:15:47 2019] Error : -524305(eEXISTACTIVETRANSACTION_SM) in SM_Dismount.c:82
[PID=16791][Wed Apr 10 14:15:47 2019] Error : -524305(eEXISTACTIVETRANSACTION_SM) in LRDS_Dismount.c:246
[PID=16791][Wed Apr 10 14:15:47 2019] Error : -524305(eEXISTACTIVETRANSACTION_SM) in LRDS_Dismount.c:143
[PID=16791][Wed Apr 10 14:15:47 2019] Error : -524305(eEXISTACTIVETRANSACTION_SM) in SM_Final.c:70
[PID=16791][Wed Apr 10 14:15:47 2019] Error : -524305(eEXISTACTIVETRANSACTION_SM) in SM_ThinLayer.c:321
[PID=16791][Wed Apr 10 14:15:47 2019] Error : -524305(eEXISTACTIVETRANSACTION_SM) in LRDS_InitFinal.c:119
[PID=17024][Wed Apr 10 15:01:11 2019] Error : -196608(eVOLNOTMOUNTED_RDSM) in RDsM_WriteTrain.c:90
[PID=17024][Wed Apr 10 15:01:11 2019] Error : -196608(eVOLNOTMOUNTED_RDSM) in bfm_FlushTrain.c:110
[PID=17024][Wed Apr 10 15:01:11 2019] Error : -196608(eVOLNOTMOUNTED_RDSM) in BfM_FlushAll.c:126
[PID=17024][Wed Apr 10 15:01:11 2019] Error : -196608(eVOLNOTMOUNTED_RDSM) in SM_Transaction.c:482
[PID=17024][Wed Apr 10 15:01:11 2019] Error : -196608(eVOLNOTMOUNTED_RDSM) in SM_Transaction.c:135
[PID=17024][Wed Apr 10 15:01:11 2019] Error : -196608(eVOLNOTMOUNTED_RDSM) in SM_ThinLayer.c:733
[PID=17024][Wed Apr 10 15:01:11 2019] Error : -196608(eVOLNOTMOUNTED_RDSM) in LRDS_Transaction.c:98
[PID=17024][Wed Apr 10 15:01:11 2019] Error : -524305(eEXISTACTIVETRANSACTION_SM) in SM_Dismount.c:82
[PID=17024][Wed Apr 10 15:01:11 2019] Error : -524305(eEXISTACTIVETRANSACTION_SM) in LRDS_Dismount.c:246
[PID=17024][Wed Apr 10 15:01:11 2019] Error : -524305(eEXISTACTIVETRANSACTION_SM) in LRDS_Dismount.c:143
[PID=17024][Wed Apr 10 15:01:11 2019] Error : -524305(eEXISTACTIVETRANSACTION_SM) in SM_Final.c:70
[PID=17024][Wed Apr 10 15:01:11 2019] Error : -524305(eEXISTACTIVETRANSACTION_SM) in SM_ThinLayer.c:321
[PID=17024][Wed Apr 10 15:01:11 2019] Error : -524305(eEXISTACTIVETRANSACTION_SM) in LRDS_InitFinal.c:119
[PID=17430][Wed Apr 10 15:02:39 2019] Error : -196608(eVOLNOTMOUNTED_RDSM) in RDsM_WriteTrain.c:90
[PID=17430][Wed Apr 10 15:02:39 2019] Error : -196608(eVOLNOTMOUNTED_RDSM) in bfm_FlushTrain.c:110
[PID=17430][Wed Apr 10 15:02:39 2019] Error : -196608(eVOLNOTMOUNTED_RDSM) in BfM_FlushAll.c:126
[PID=17430][Wed Apr 10 15:02:39 2019] Error : -196608(eVOLNOTMOUNTED_RDSM) in SM_Transaction.c:482
[PID=17430][Wed Apr 10 15:02:39 2019] Error : -196608(eVOLNOTMOUNTED_RDSM) in SM_Transaction.c:135
[PID=17430][Wed Apr 10 15:02:39 2019] Error : -196608(eVOLNOTMOUNTED_RDSM) in SM_ThinLayer.c:733
[PID=17430][Wed Apr 10 15:02:39 2019] Error : -196608(eVOLNOTMOUNTED_RDSM) in LRDS_Transaction.c:98
[PID=17430][Wed Apr 10 15:02:39 2019] Error : -524305(eEXISTACTIVETRANSACTION_SM) in SM_Dismount.c:82
[PID=17430][Wed Apr 10 15:02:39 2019] Error : -524305(eEXISTACTIVETRANSACTION_SM) in LRDS_Dismount.c:246
[PID=17430][Wed Apr 10 15:02:39 2019] Error : -524305(eEXISTACTIVETRANSACTION_SM) in LRDS_Dismount.c:143
[PID=17430][Wed Apr 10 15:02:39 2019] Error : -524305(eEXISTACTIVETRANSACTION_SM) in SM_Final.c:70
[PID=17430][Wed Apr 10 15:02:39 2019] Error : -524305(eEXISTACTIVETRANSACTION_SM) in SM_ThinLayer.c:321
[PID=17430][Wed Apr 10 15:02:39 2019] Error : -524305(eEXISTACTIVETRANSACTION_SM) in LRDS_InitFinal.c:119
[PID=17588][Wed Apr 10 15:15:29 2019] Error : -458753(eBADBTREEPAGE_BTM) in EduBtM_Test.c:872
[PID=17600][Wed Apr 10 15:19:44 2019] Error : -458753(eBADBTREEPAGE_BTM) in EduBtM_Test.c:872
[PID=18836][Wed Apr 10 16:47:47 2019] Error : -458753(eBADBTREEPAGE_BTM) in EduBtM_Test.c:872
[PID=18921][Wed Apr 10 16:49:55 2019] Error : -458753(eBADBTREEPAGE_BTM) in EduBtM_Test.c:872
[PID=19086][Wed Apr 10 16:58:41 2019] Error : -458753(eBADBTREEPAGE_BTM) in EduBtM_Test.c:872
[PID=19129][Wed Apr 10 17:06:40 2019] Error : -458753(eBADBTREEPAGE_BTM) in EduBtM_Test.c:872
[PID=19232][Wed Apr 10 17:10:18 2019] Error : -458753(eBADBTREEPAGE_BTM) in EduBtM_Test.c:872
[PID=19308][Wed Apr 10 17:21:20 2019] Error : -458753(eBADBTREEPAGE_BTM) in EduBtM_Test.c:872
[PID=19328][Wed Apr 10 17:23:00 2019] Error : -458753(eBADBTREEPAGE_BTM) in EduBtM_Test.c:872
[PID=19343][Wed Apr 10 17:23:43 2019] Error : -458753(eBADBTREEPAGE_BTM) in EduBtM_Test.c:872
[PID=19390][Wed Apr 10 17:25:39 2019] Error : -458753(eBADBTREEPAGE_BTM) in EduBtM_Test.c:872
[PID=19423][Wed Apr 10 17:28:48 2019] Error : -458753(eBADBTREEPAGE_BTM) in EduBtM_Test.c:872
[PID=19916][Wed Apr 10 17:45:43 2019] Error : -458753(eBADBTREEPAGE_BTM) in EduBtM_Test.c:872
[PID=20010][Wed Apr 10 18:36:40 2019] Error : -458753(eBADBTREEPAGE_BTM) in EduBtM_Test.c:872
[PID=20014][Wed Apr 10 18:38:11 2019] Error : -458753(eBADBTREEPAGE_BTM) in EduBtM_Test.c:872
[PID=20014][Wed Apr 10 18:40:44 2019] Error : -196608(eVOLNOTMOUNTED_RDSM) in RDsM_WriteTrain.c:90
[PID=20014][Wed Apr 10 18:40:44 2019] Error : -196608(eVOLNOTMOUNTED_RDSM) in bfm_FlushTrain.c:110
[PID=20014][Wed Apr 10 18:40:44 2019] Error : -196608(eVOLNOTMOUNTED_RDSM) in BfM_FlushAll.c:126
[PID=20014][Wed Apr 10 18:40:44 2019] Error : -196608(eVOLNOTMOUNTED_RDSM) in SM_Transaction.c:482
[PID=20014][Wed Apr 10 18:40:44 2019] Error : -196608(eVOLNOTMOUNTED_RDSM) in SM_Transaction.c:135
[PID=20014][Wed Apr 10 18:40:44 2019] Error : -196608(eVOLNOTMOUNTED_RDSM) in SM_ThinLayer.c:733
[PID=20014][Wed Apr 10 18:40:44 2019] Error : -196608(eVOLNOTMOUNTED_RDSM) in LRDS_Transaction.c:98
[PID=20014][Wed Apr 10 18:40:44 2019] Error : -524305(eEXISTACTIVETRANSACTION_SM) in SM_Dismount.c:82
[PID=20014][Wed Apr 10 18:40:44 2019] Error : -524305(eEXISTACTIVETRANSACTION_SM) in LRDS_Dismount.c:246
[PID=20014][Wed Apr 10 18:40:44 2019] Error : -524305(eEXISTACTIVETRANSACTION_SM) in LRDS_Dismount.c:143
[PID=20014][Wed Apr 10 18:40:44 2019] Error : -524305(eEXISTACTIVETRANSACTION_SM) in SM_Final.c:70
[PID=20014][Wed Apr 10 18:40:44 2019] Error : -524305(eEXISTACTIVETRANSACTION_SM) in SM_ThinLayer.c:321
[PID=20014][Wed Apr 10 18:40:44 2019] Error : -524305(eEXISTACTIVETRANSACTION_SM) in LRDS_InitFinal.c:119
[PID=20191][Wed Apr 10 18:40:51 2019] Error : -458753(eBADBTREEPAGE_BTM) in EduBtM_Test.c:872
[PID=20192][Wed Apr 10 18:42:36 2019] Error : -458753(eBADBTREEPAGE_BTM) in EduBtM_Test.c:872
[PID=20209][Wed Apr 10 18:43:12 2019] Error : -458753(eBADBTREEPAGE_BTM) in EduBtM_Test.c:872
[PID=20254][Wed Apr 10 18:48:00 2019] Error : -458753(eBADBTREEPAGE_BTM) in EduBtM_Test.c:872
[PID=20321][Wed Apr 10 18:51:01 2019] Error : -458753(eBADBTREEPAGE_BTM) in EduBtM_Test.c:872
[PID=20401][Wed Apr 10 18:58:20 2019] Error : -458753(eBADBTREEPAGE_BTM) in EduBtM_Test.c:872
[PID=20413][Wed Apr 10 18:58:56 2019] Error : -458753(eBADBTREEPAGE_BTM) in EduBtM_Test.c:872
[PID=20425][Wed Apr 10 18:59:14 2019] Error : -458753(eBADBTREEPAGE_BTM) in EduBtM_Test.c:872
[PID=20436][Wed Apr 10 19:00:11 2019] Error : -458753(eBADBTREEPAGE_BTM) in EduBtM_Test.c:872
[PID=20447][Wed Apr 10 19:02:01 2019] Error : -458753(eBADBTREEPAGE_BTM) in EduBtM_Test.c:872
[PID=20513][Wed Apr 10 19:11:02 2019] Error : -458753(eBADBTREEPAGE_BTM) in EduBtM_Test.c:872
[PID=20619][Wed Apr 10 19:14:46 2019] Error : -196608(eVOLNOTMOUNTED_RDSM) in RDsM_WriteTrain.c:90
[PID=20619][Wed Apr 10 19:14:46 2019] Error : -196608(eVOLNOTMOUNTED_RDSM) in bfm_FlushTrain.c:110
[PID=20619][Wed Apr 10 19:14:46 2019] Error : -196608(eVOLNOTMOUNTED_RDSM) in BfM_FlushAll.c:126
[PID=20619][Wed Apr 10 19:14:46 2019] Error : -196608(eVOLNOTMOUNTED_RDSM) in SM_Transaction.c:482
[PID=20619][Wed Apr 10 19:14:46 2019] Error : -196608(eVOLNOTMOUNTED_RDSM) in SM_Transaction.c:135
[PID=20619][Wed Apr 10 19:14:46 2019] Error : -196608(eVOLNOTMOUNTED_RDSM) in SM_ThinLayer.c:733
[PID=20619][Wed Apr 10 19:14:46 2019] Error : -196608(eVOLNOTMOUNTED_RDSM) in LRDS_Transaction.c:98
[PID=20619][Wed Apr 10 19:14:46 2019] Error : -524305(eEXISTACTIVETRANSACTION_SM) in SM_Dismount.c:82
[PID=20619][Wed Apr 10 19:14:46 2019] Error : -524305(eEXISTACTIVETRANSACTION_SM) in LRDS_Dismount.c:246
[PID=20619][Wed Apr 10 19:14:46 2019] Error : -524305(eEXISTACTIVETRANSACTION_SM) in LRDS_Dismount.c:143
[PID=20619][Wed Apr 10 19:14:46 2019] Error : -524305(eEXISTACTIVETRANSACTION_SM) in SM_Final.c:70
[PID=20619][Wed Apr 10 19:14:46 2019] Error : -524305(eEXISTACTIVETRANSACTION_SM) in SM_ThinLayer.c:321
[PID=20619][Wed Apr 10 19:14:46 2019] Error : -524305(eEXISTACTIVETRANSACTION_SM) in LRDS_InitFinal.c:119
